

================================================================
== Vivado HLS Report for 'getDecodedAdc'
================================================================
* Date:           Wed Jan 13 12:14:45 2021

* Version:        2020.1 (Build 2897737 on Wed May 27 20:21:37 MDT 2020)
* Project:        TS_project
* Solution:       solution1
* Product family: virtexuplus
* Target device:  xcvu9p-flgc2104-1-e


================================================================
== Performance Estimates
================================================================
+ Timing: 
    * Summary: 
    +------+---------+----------+------------+
    | Clock|  Target | Estimated| Uncertainty|
    +------+---------+----------+------------+
    |clk   | 2.78 ns | 1.125 ns |   0.83 ns  |
    +------+---------+----------+------------+

+ Latency: 
    * Summary: 
    +---------+---------+----------+----------+-----+-----+----------+
    |  Latency (cycles) |  Latency (absolute) |  Interval | Pipeline |
    |   min   |   max   |    min   |    max   | min | max |   Type   |
    +---------+---------+----------+----------+-----+-----+----------+
    |        1|        1| 2.778 ns | 2.778 ns |    1|    1| function |
    +---------+---------+----------+----------+-----+-----+----------+

    + Detail: 
        * Instance: 
        +--------------------------+---------------+---------+---------+----------+----------+-----+-----+----------+
        |                          |               |  Latency (cycles) |  Latency (absolute) |  Interval | Pipeline |
        |         Instance         |     Module    |   min   |   max   |    min   |    max   | min | max |   Type   |
        +--------------------------+---------------+---------+---------+----------+----------+-----+-----+----------+
        |adc_getEncodedAdc_fu_165  |getEncodedAdc  |        0|        0|   0 ns   |   0 ns   |    1|    1| function |
        +--------------------------+---------------+---------+---------+----------+----------+-----+-----+----------+

        * Loop: 
        N/A



================================================================
== Utilization Estimates
================================================================
* Summary: 
+---------------------+---------+-------+---------+---------+-----+
|         Name        | BRAM_18K| DSP48E|    FF   |   LUT   | URAM|
+---------------------+---------+-------+---------+---------+-----+
|DSP                  |        -|      -|        -|        -|    -|
|Expression           |        -|      -|        0|      355|    -|
|FIFO                 |        -|      -|        -|        -|    -|
|Instance             |        -|      -|        1|       11|    -|
|Memory               |        -|      -|        -|        -|    -|
|Multiplexer          |        -|      -|        -|       92|    -|
|Register             |        -|      -|      113|        -|    -|
+---------------------+---------+-------+---------+---------+-----+
|Total                |        0|      0|      114|      458|    0|
+---------------------+---------+-------+---------+---------+-----+
|Available SLR        |     1440|   2280|   788160|   394080|  320|
+---------------------+---------+-------+---------+---------+-----+
|Utilization SLR (%)  |        0|      0|    ~0   |    ~0   |    0|
+---------------------+---------+-------+---------+---------+-----+
|Available            |     4320|   6840|  2364480|  1182240|  960|
+---------------------+---------+-------+---------+---------+-----+
|Utilization (%)      |        0|      0|    ~0   |    ~0   |    0|
+---------------------+---------+-------+---------+---------+-----+

+ Detail: 
    * Instance: 
    +--------------------------+---------------+---------+-------+---+----+-----+
    |         Instance         |     Module    | BRAM_18K| DSP48E| FF| LUT| URAM|
    +--------------------------+---------------+---------+-------+---+----+-----+
    |adc_getEncodedAdc_fu_165  |getEncodedAdc  |        0|      0|  1|  11|    0|
    +--------------------------+---------------+---------+-------+---+----+-----+
    |Total                     |               |        0|      0|  1|  11|    0|
    +--------------------------+---------------+---------+-------+---+----+-----+

    * DSP48E: 
    N/A

    * Memory: 
    N/A

    * FIFO: 
    N/A

    * Expression: 
    +-----------------------------------------+----------+-------+---+----+------------+------------+
    |              Variable Name              | Operation| DSP48E| FF| LUT| Bitwidth P0| Bitwidth P1|
    +-----------------------------------------+----------+-------+---+----+------------+------------+
    |add_ln44_fu_373_p2                       |     +    |      0|  0|  26|          16|          19|
    |add_ln45_fu_355_p2                       |     +    |      0|  0|  26|          19|          19|
    |lin_10_fu_293_p2                         |     +    |      0|  0|  21|          14|          14|
    |lin_11_fu_239_p2                         |     +    |      0|  0|  23|          16|          16|
    |lin_13_fu_225_p2                         |     +    |      0|  0|  25|          18|          18|
    |lin_1_fu_337_p2                          |     +    |      0|  0|  16|           8|           9|
    |lin_2_fu_275_p2                          |     +    |      0|  0|  20|          11|          13|
    |lin_3_fu_453_p2                          |     +    |      0|  0|  15|           7|           6|
    |lin_4_fu_387_p2                          |     +    |      0|  0|  26|          19|          18|
    |lin_5_fu_321_p2                          |     +    |      0|  0|  18|          11|           9|
    |lin_6_fu_253_p2                          |     +    |      0|  0|  22|          15|          14|
    |lin_7_fu_439_p2                          |     +    |      0|  0|  15|           8|           8|
    |lin_8_fu_427_p2                          |     +    |      0|  0|  17|          10|          10|
    |lin_9_fu_307_p2                          |     +    |      0|  0|  19|          12|          12|
    |lin_fu_409_p2                            |     +    |      0|  0|  24|          14|          17|
    |ap_block_pp0_stage0_11001                |    and   |      0|  0|   2|           1|           1|
    |ap_block_pp0_stage0_11001_ignoreCallOp3  |    and   |      0|  0|   2|           1|           1|
    |ap_condition_51                          |    and   |      0|  0|   2|           1|           1|
    |icmp_ln21_fu_195_p2                      |   icmp   |      0|  0|   8|           2|           1|
    |icmp_ln22_fu_201_p2                      |   icmp   |      0|  0|  11|           6|           6|
    |icmp_ln23_fu_207_p2                      |   icmp   |      0|  0|  11|           6|           4|
    |ap_block_pp0_stage0_subdone              |    or    |      0|  0|   2|           1|           1|
    |ap_block_state1_pp0_stage0_iter0         |    or    |      0|  0|   2|           1|           1|
    |ap_enable_pp0                            |    xor   |      0|  0|   2|           1|           2|
    +-----------------------------------------+----------+-------+---+----+------------+------------+
    |Total                                    |          |      0|  0| 355|         218|         220|
    +-----------------------------------------+----------+-------+---+----+------------+------------+

    * Multiplexer: 
    +-------------------------------------+----+-----------+-----+-----------+
    |                 Name                | LUT| Input Size| Bits| Total Bits|
    +-------------------------------------+----+-----------+-----+-----------+
    |TSDigi_adc_blk_n                     |   9|          2|    1|          2|
    |TSDigi_adc_read                      |   9|          2|    1|          2|
    |ap_phi_mux_lin_12_phi_fu_131_p32     |  65|         16|   19|        304|
    |ap_phi_reg_pp0_iter1_lin_12_reg_128  |   9|          2|   19|         38|
    +-------------------------------------+----+-----------+-----+-----------+
    |Total                                |  92|         22|   40|        346|
    +-------------------------------------+----+-----------+-----+-----------+

    * Register: 
    +-------------------------------------+----+----+-----+-----------+
    |                 Name                | FF | LUT| Bits| Const Bits|
    +-------------------------------------+----+----+-----+-----------+
    |add_ln44_reg_572                     |   5|   0|   19|         14|
    |add_ln45_reg_567                     |   4|   0|   19|         15|
    |ap_CS_fsm                            |   1|   0|    1|          0|
    |ap_enable_reg_pp0_iter1              |   1|   0|    1|          0|
    |ap_phi_reg_pp0_iter1_lin_12_reg_128  |  19|   0|   19|          0|
    |icmp_ln21_reg_515                    |   1|   0|    1|          0|
    |icmp_ln22_reg_519                    |   1|   0|    1|          0|
    |icmp_ln23_reg_523                    |   1|   0|    1|          0|
    |lin_10_reg_547                       |   7|   0|   14|          7|
    |lin_11_reg_532                       |   6|   0|   16|         10|
    |lin_13_reg_527                       |   7|   0|   18|         11|
    |lin_1_reg_562                        |   5|   0|    9|          4|
    |lin_2_reg_542                        |   5|   0|   13|          8|
    |lin_3_reg_597                        |   6|   0|    7|          1|
    |lin_4_reg_577                        |   6|   0|   19|         13|
    |lin_5_reg_557                        |   6|   0|   11|          5|
    |lin_6_reg_537                        |   6|   0|   15|          9|
    |lin_7_reg_592                        |   6|   0|    8|          2|
    |lin_8_reg_587                        |   7|   0|   10|          3|
    |lin_9_reg_552                        |   6|   0|   12|          6|
    |lin_reg_582                          |   5|   0|   17|         12|
    |tmp_reg_511                          |   2|   0|    2|          0|
    +-------------------------------------+----+----+-----+-----------+
    |Total                                | 113|   0|  233|        120|
    +-------------------------------------+----+----+-----+-----------+



================================================================
== Interface
================================================================
* Summary: 
+--------------------+-----+-----+------------+---------------+--------------+
|      RTL Ports     | Dir | Bits|  Protocol  | Source Object |    C Type    |
+--------------------+-----+-----+------------+---------------+--------------+
|ap_clk              |  in |    1| ap_ctrl_hs | getDecodedAdc | return value |
|ap_rst              |  in |    1| ap_ctrl_hs | getDecodedAdc | return value |
|ap_start            |  in |    1| ap_ctrl_hs | getDecodedAdc | return value |
|ap_done             | out |    1| ap_ctrl_hs | getDecodedAdc | return value |
|ap_idle             | out |    1| ap_ctrl_hs | getDecodedAdc | return value |
|ap_ready            | out |    1| ap_ctrl_hs | getDecodedAdc | return value |
|ap_ce               |  in |    1| ap_ctrl_hs | getDecodedAdc | return value |
|ap_return           | out |   19| ap_ctrl_hs | getDecodedAdc | return value |
|TSDigi_adc_blk_n    | out |    1| ap_ctrl_hs | getDecodedAdc | return value |
|TSDigi_adc_dout     |  in |    8|   ap_fifo  |   TSDigi_adc  |    pointer   |
|TSDigi_adc_empty_n  |  in |    1|   ap_fifo  |   TSDigi_adc  |    pointer   |
|TSDigi_adc_read     | out |    1|   ap_fifo  |   TSDigi_adc  |    pointer   |
+--------------------+-----+-----+------------+---------------+--------------+

